# JRE version: Java(TM) SE Runtime Environment (17.0.10+11) (build 17.0.10+11-LTS-240)
# Java VM: Java HotSpot(TM) 64-Bit Server VM (17.0.10+11-LTS-240, mixed mode, sharing, tiered, compressed oops, compressed class ptrs, g1 gc, windows-amd64)
GC Precious Log:
 CPUs: 12 total, 12 available
 Memory: 7599M
 Large Page Support: Disabled
 NUMA Support: Disabled
 Compressed Oops: Enabled (32-bit)
 Heap Region Size: 1M
 Heap Min Capacity: 8M
 Heap Initial Capacity: 120M
 Heap Max Capacity: 2G
 Pre-touch: Disabled
 Parallel Workers: 10
 Concurrent Workers: 3
 Concurrent Refinement Workers: 10
 Periodic GC: Disabled
Heap:
 garbage-first heap   total 117760K, used 81280K [0x0000000080000000, 0x0000000100000000)
  region size 1024K, 15 young (15360K), 4 survivors (4096K)
 Metaspace       used 69678K, committed 70464K, reserved 491520K
  class space    used 9909K, committed 10304K, reserved 425984K
GC Heap History (20 events):
Event: 57.356 GC heap before
{Heap before GC invocations=21 (full 0):
 garbage-first heap   total 99328K, used 79946K [0x0000000080000000, 0x0000000100000000)
  region size 1024K, 25 young (25600K), 3 survivors (3072K)
 Metaspace       used 59493K, committed 60160K, reserved 491520K
  class space    used 8443K, committed 8768K, reserved 425984K
}
Event: 57.360 GC heap after
{Heap after GC invocations=22 (full 0):
 garbage-first heap   total 99328K, used 59371K [0x0000000080000000, 0x0000000100000000)
  region size 1024K, 4 young (4096K), 4 survivors (4096K)
 Metaspace       used 59493K, committed 60160K, reserved 491520K
  class space    used 8443K, committed 8768K, reserved 425984K
}
Event: 58.407 GC heap before
{Heap before GC invocations=22 (full 0):
 garbage-first heap   total 99328K, used 80875K [0x0000000080000000, 0x0000000100000000)
  region size 1024K, 26 young (26624K), 4 survivors (4096K)
 Metaspace       used 60869K, committed 61504K, reserved 491520K
  class space    used 8639K, committed 8960K, reserved 425984K
}
Event: 58.411 GC heap after
{Heap after GC invocations=23 (full 0):
 garbage-first heap   total 99328K, used 60840K [0x0000000080000000, 0x0000000100000000)
  region size 1024K, 4 young (4096K), 4 survivors (4096K)
 Metaspace       used 60869K, committed 61504K, reserved 491520K
  class space    used 8639K, committed 8960K, reserved 425984K
}
Event: 59.503 GC heap before
{Heap before GC invocations=24 (full 0):
 garbage-first heap   total 107520K, used 81320K [0x0000000080000000, 0x0000000100000000)
  region size 1024K, 24 young (24576K), 4 survivors (4096K)
 Metaspace       used 62081K, committed 62720K, reserved 491520K
  class space    used 8792K, committed 9088K, reserved 425984K
}
Event: 59.507 GC heap after
{Heap after GC invocations=25 (full 0):
 garbage-first heap   total 107520K, used 61399K [0x0000000080000000, 0x0000000100000000)
  region size 1024K, 3 young (3072K), 3 survivors (3072K)
 Metaspace       used 62081K, committed 62720K, reserved 491520K
  class space    used 8792K, committed 9088K, reserved 425984K
}
Event: 59.574 GC heap before
{Heap before GC invocations=25 (full 0):
 garbage-first heap   total 107520K, used 63447K [0x0000000080000000, 0x0000000100000000)
  region size 1024K, 5 young (5120K), 3 survivors (3072K)
 Metaspace       used 62182K, committed 62784K, reserved 491520K
  class space    used 8807K, committed 9088K, reserved 425984K
}
Event: 59.576 GC heap after
{Heap after GC invocations=26 (full 0):
 garbage-first heap   total 107520K, used 60461K [0x0000000080000000, 0x0000000100000000)
  region size 1024K, 1 young (1024K), 1 survivors (1024K)
 Metaspace       used 62182K, committed 62784K, reserved 491520K
  class space    used 8807K, committed 9088K, reserved 425984K
}
Event: 61.941 GC heap before
{Heap before GC invocations=26 (full 0):
 garbage-first heap   total 107520K, used 86061K [0x0000000080000000, 0x0000000100000000)
  region size 1024K, 27 young (27648K), 1 survivors (1024K)
 Metaspace       used 62920K, committed 63616K, reserved 491520K
  class space    used 8902K, committed 9216K, reserved 425984K
}
Event: 61.945 GC heap after
{Heap after GC invocations=27 (full 0):
 garbage-first heap   total 107520K, used 63789K [0x0000000080000000, 0x0000000100000000)
  region size 1024K, 4 young (4096K), 4 survivors (4096K)
 Metaspace       used 62920K, committed 63616K, reserved 491520K
  class space    used 8902K, committed 9216K, reserved 425984K
}
Event: 63.821 GC heap before
{Heap before GC invocations=28 (full 0):
 garbage-first heap   total 109568K, used 86317K [0x0000000080000000, 0x0000000100000000)
  region size 1024K, 27 young (27648K), 4 survivors (4096K)
 Metaspace       used 64028K, committed 64704K, reserved 491520K
  class space    used 9055K, committed 9344K, reserved 425984K
}
Event: 63.825 GC heap after
{Heap after GC invocations=29 (full 0):
 garbage-first heap   total 109568K, used 63545K [0x0000000080000000, 0x0000000100000000)
  region size 1024K, 2 young (2048K), 2 survivors (2048K)
 Metaspace       used 64028K, committed 64704K, reserved 491520K
  class space    used 9055K, committed 9344K, reserved 425984K
}
Event: 65.383 GC heap before
{Heap before GC invocations=29 (full 0):
 garbage-first heap   total 109568K, used 88121K [0x0000000080000000, 0x0000000100000000)
  region size 1024K, 27 young (27648K), 2 survivors (2048K)
 Metaspace       used 64700K, committed 65344K, reserved 491520K
  class space    used 9136K, committed 9472K, reserved 425984K
}
Event: 65.387 GC heap after
{Heap after GC invocations=30 (full 0):
 garbage-first heap   total 109568K, used 64813K [0x0000000080000000, 0x0000000100000000)
  region size 1024K, 4 young (4096K), 4 survivors (4096K)
 Metaspace       used 64700K, committed 65344K, reserved 491520K
  class space    used 9136K, committed 9472K, reserved 425984K
}
Event: 66.143 GC heap before
{Heap before GC invocations=31 (full 0):
 garbage-first heap   total 112640K, used 88365K [0x0000000080000000, 0x0000000100000000)
  region size 1024K, 28 young (28672K), 4 survivors (4096K)
 Metaspace       used 66333K, committed 67072K, reserved 491520K
  class space    used 9374K, committed 9728K, reserved 425984K
}
Event: 66.148 GC heap after
{Heap after GC invocations=32 (full 0):
 garbage-first heap   total 112640K, used 66529K [0x0000000080000000, 0x0000000100000000)
  region size 1024K, 4 young (4096K), 4 survivors (4096K)
 Metaspace       used 66333K, committed 67072K, reserved 491520K
  class space    used 9374K, committed 9728K, reserved 425984K
}
Event: 67.190 GC heap before
{Heap before GC invocations=32 (full 0):
 garbage-first heap   total 112640K, used 93153K [0x0000000080000000, 0x0000000100000000)
  region size 1024K, 30 young (30720K), 4 survivors (4096K)
 Metaspace       used 68819K, committed 69568K, reserved 491520K
  class space    used 9796K, committed 10176K, reserved 425984K
}
Event: 67.198 GC heap after
{Heap after GC invocations=33 (full 0):
 garbage-first heap   total 112640K, used 68692K [0x0000000080000000, 0x0000000100000000)
  region size 1024K, 4 young (4096K), 4 survivors (4096K)
 Metaspace       used 68819K, committed 69568K, reserved 491520K
  class space    used 9796K, committed 10176K, reserved 425984K
}
Event: 70.088 GC heap before
{Heap before GC invocations=34 (full 0):
 garbage-first heap   total 117760K, used 91220K [0x0000000080000000, 0x0000000100000000)
  region size 1024K, 27 young (27648K), 4 survivors (4096K)
 Metaspace       used 69591K, committed 70400K, reserved 491520K
  class space    used 9908K, committed 10304K, reserved 425984K
}
Event: 70.095 GC heap after
{Heap after GC invocations=35 (full 0):
 garbage-first heap   total 117760K, used 72064K [0x0000000080000000, 0x0000000100000000)
  region size 1024K, 4 young (4096K), 4 survivors (4096K)
 Metaspace       used 69591K, committed 70400K, reserved 491520K
  class space    used 9908K, committed 10304K, reserved 425984K
}

