# JRE version: Java(TM) SE Runtime Environment (17.0.10+11) (build 17.0.10+11-LTS-240)
# Java VM: Java HotSpot(TM) 64-Bit Server VM (17.0.10+11-LTS-240, mixed mode, sharing, tiered, compressed oops, compressed class ptrs, g1 gc, windows-amd64)
GC Precious Log:
 CPUs: 12 total, 12 available
 Memory: 7599M
 Large Page Support: Disabled
 NUMA Support: Disabled
 Compressed Oops: Enabled (32-bit)
 Heap Region Size: 1M
 Heap Min Capacity: 8M
 Heap Initial Capacity: 120M
 Heap Max Capacity: 2G
 Pre-touch: Disabled
 Parallel Workers: 10
 Concurrent Workers: 3
 Concurrent Refinement Workers: 10
 Periodic GC: Disabled
Heap:
 garbage-first heap   total 377856K, used 247116K [0x0000000080000000, 0x0000000100000000)
  region size 1024K, 20 young (20480K), 2 survivors (2048K)
 Metaspace       used 129435K, committed 130944K, reserved 557056K
  class space    used 17650K, committed 18368K, reserved 425984K
GC Heap History (20 events):
Event: 156.797 GC heap before
{Heap before GC invocations=48 (full 0):
 garbage-first heap   total 333824K, used 282072K [0x0000000080000000, 0x0000000100000000)
  region size 1024K, 73 young (74752K), 5 survivors (5120K)
 Metaspace       used 109616K, committed 110912K, reserved 557056K
  class space    used 15197K, committed 15808K, reserved 425984K
}
Event: 156.804 GC heap after
{Heap after GC invocations=49 (full 0):
 garbage-first heap   total 333824K, used 212132K [0x0000000080000000, 0x0000000100000000)
  region size 1024K, 5 young (5120K), 5 survivors (5120K)
 Metaspace       used 109616K, committed 110912K, reserved 557056K
  class space    used 15197K, committed 15808K, reserved 425984K
}
Event: 159.751 GC heap before
{Heap before GC invocations=49 (full 0):
 garbage-first heap   total 333824K, used 283812K [0x0000000080000000, 0x0000000100000000)
  region size 1024K, 75 young (76800K), 5 survivors (5120K)
 Metaspace       used 109644K, committed 110912K, reserved 557056K
  class space    used 15201K, committed 15808K, reserved 425984K
}
Event: 159.760 GC heap after
{Heap after GC invocations=50 (full 0):
 garbage-first heap   total 333824K, used 215584K [0x0000000080000000, 0x0000000100000000)
  region size 1024K, 8 young (8192K), 8 survivors (8192K)
 Metaspace       used 109644K, committed 110912K, reserved 557056K
  class space    used 15201K, committed 15808K, reserved 425984K
}
Event: 176.507 GC heap before
{Heap before GC invocations=50 (full 0):
 garbage-first heap   total 333824K, used 289312K [0x0000000080000000, 0x0000000100000000)
  region size 1024K, 76 young (77824K), 8 survivors (8192K)
 Metaspace       used 110927K, committed 112256K, reserved 557056K
  class space    used 15288K, committed 15936K, reserved 425984K
}
Event: 177.010 GC heap after
{Heap after GC invocations=51 (full 0):
 garbage-first heap   total 333824K, used 217170K [0x0000000080000000, 0x0000000100000000)
  region size 1024K, 6 young (6144K), 6 survivors (6144K)
 Metaspace       used 110927K, committed 112256K, reserved 557056K
  class space    used 15288K, committed 15936K, reserved 425984K
}
Event: 178.405 GC heap before
{Heap before GC invocations=51 (full 0):
 garbage-first heap   total 333824K, used 248914K [0x0000000080000000, 0x0000000100000000)
  region size 1024K, 38 young (38912K), 6 survivors (6144K)
 Metaspace       used 111010K, committed 112320K, reserved 557056K
  class space    used 15296K, committed 15936K, reserved 425984K
}
Event: 178.416 GC heap after
{Heap after GC invocations=52 (full 0):
 garbage-first heap   total 333824K, used 219394K [0x0000000080000000, 0x0000000100000000)
  region size 1024K, 5 young (5120K), 5 survivors (5120K)
 Metaspace       used 111010K, committed 112320K, reserved 557056K
  class space    used 15296K, committed 15936K, reserved 425984K
}
Event: 181.317 GC heap before
{Heap before GC invocations=52 (full 0):
 garbage-first heap   total 333824K, used 233730K [0x0000000080000000, 0x0000000100000000)
  region size 1024K, 21 young (21504K), 5 survivors (5120K)
 Metaspace       used 111035K, committed 112320K, reserved 557056K
  class space    used 15296K, committed 15936K, reserved 425984K
}
Event: 181.361 GC heap after
{Heap after GC invocations=53 (full 0):
 garbage-first heap   total 333824K, used 217271K [0x0000000080000000, 0x0000000100000000)
  region size 1024K, 2 young (2048K), 2 survivors (2048K)
 Metaspace       used 111035K, committed 112320K, reserved 557056K
  class space    used 15296K, committed 15936K, reserved 425984K
}
Event: 185.564 GC heap before
{Heap before GC invocations=54 (full 0):
 garbage-first heap   total 377856K, used 280759K [0x0000000080000000, 0x0000000100000000)
  region size 1024K, 65 young (66560K), 2 survivors (2048K)
 Metaspace       used 111132K, committed 112448K, reserved 557056K
  class space    used 15306K, committed 15936K, reserved 425984K
}
Event: 185.570 GC heap after
{Heap after GC invocations=55 (full 0):
 garbage-first heap   total 377856K, used 221276K [0x0000000080000000, 0x0000000100000000)
  region size 1024K, 6 young (6144K), 6 survivors (6144K)
 Metaspace       used 111132K, committed 112448K, reserved 557056K
  class space    used 15306K, committed 15936K, reserved 425984K
}
Event: 185.796 GC heap before
{Heap before GC invocations=55 (full 0):
 garbage-first heap   total 377856K, used 232540K [0x0000000080000000, 0x0000000100000000)
  region size 1024K, 18 young (18432K), 6 survivors (6144K)
 Metaspace       used 111138K, committed 112448K, reserved 557056K
  class space    used 15308K, committed 15936K, reserved 425984K
}
Event: 185.858 GC heap after
{Heap after GC invocations=56 (full 0):
 garbage-first heap   total 377856K, used 217006K [0x0000000080000000, 0x0000000100000000)
  region size 1024K, 3 young (3072K), 3 survivors (3072K)
 Metaspace       used 111138K, committed 112448K, reserved 557056K
  class space    used 15308K, committed 15936K, reserved 425984K
}
Event: 197.998 GC heap before
{Heap before GC invocations=56 (full 0):
 garbage-first heap   total 377856K, used 323502K [0x0000000080000000, 0x0000000100000000)
  region size 1024K, 102 young (104448K), 3 survivors (3072K)
 Metaspace       used 121877K, committed 123264K, reserved 557056K
  class space    used 16668K, committed 17344K, reserved 425984K
}
Event: 198.011 GC heap after
{Heap after GC invocations=57 (full 0):
 garbage-first heap   total 377856K, used 229519K [0x0000000080000000, 0x0000000100000000)
  region size 1024K, 11 young (11264K), 11 survivors (11264K)
 Metaspace       used 121877K, committed 123264K, reserved 557056K
  class space    used 16668K, committed 17344K, reserved 425984K
}
Event: 202.932 GC heap before
{Heap before GC invocations=57 (full 0):
 garbage-first heap   total 377856K, used 316559K [0x0000000080000000, 0x0000000100000000)
  region size 1024K, 97 young (99328K), 11 survivors (11264K)
 Metaspace       used 124536K, committed 126016K, reserved 557056K
  class space    used 17021K, committed 17728K, reserved 425984K
}
Event: 203.655 GC heap after
{Heap after GC invocations=58 (full 0):
 garbage-first heap   total 377856K, used 230051K [0x0000000080000000, 0x0000000100000000)
  region size 1024K, 8 young (8192K), 8 survivors (8192K)
 Metaspace       used 124536K, committed 126016K, reserved 557056K
  class space    used 17021K, committed 17728K, reserved 425984K
}
Event: 204.871 GC heap before
{Heap before GC invocations=58 (full 0):
 garbage-first heap   total 377856K, used 239267K [0x0000000080000000, 0x0000000100000000)
  region size 1024K, 18 young (18432K), 8 survivors (8192K)
 Metaspace       used 125743K, committed 127232K, reserved 557056K
  class space    used 17160K, committed 17856K, reserved 425984K
}
Event: 204.885 GC heap after
{Heap after GC invocations=59 (full 0):
 garbage-first heap   total 377856K, used 230732K [0x0000000080000000, 0x0000000100000000)
  region size 1024K, 2 young (2048K), 2 survivors (2048K)
 Metaspace       used 125743K, committed 127232K, reserved 557056K
  class space    used 17160K, committed 17856K, reserved 425984K
}

